<?xml version="1.0" encoding="UTF-8"?>
<testng-results ignored="0" total="1" passed="1" failed="0" skipped="0">
  <reporter-output>
  </reporter-output>
  <suite started-at="2019-06-25T21:31:06Z" name="Default suite" finished-at="2019-06-25T21:31:24Z" duration-ms="17618">
    <groups>
    </groups>
    <test started-at="2019-06-25T21:31:06Z" name="Default test" finished-at="2019-06-25T21:31:24Z" duration-ms="17618">
      <class name="testscript.Level1">
        <test-method is-config="true" signature="openbrowser()[pri:0, instance:testscript.Level1@6da21078]" started-at="2019-06-25T21:31:06Z" name="openbrowser" finished-at="2019-06-25T21:31:13Z" duration-ms="6228" status="PASS">
          <reporter-output>
          </reporter-output>
        </test-method> <!-- openbrowser -->
        <test-method signature="formfill()[pri:0, instance:testscript.Level1@6da21078]" started-at="2019-06-25T21:31:13Z" name="formfill" finished-at="2019-06-25T21:31:23Z" duration-ms="10312" status="PASS">
          <reporter-output>
          </reporter-output>
        </test-method> <!-- formfill -->
        <test-method is-config="true" signature="closesetup()[pri:0, instance:testscript.Level1@6da21078]" started-at="2019-06-25T21:31:23Z" name="closesetup" finished-at="2019-06-25T21:31:24Z" duration-ms="1053" status="PASS">
          <reporter-output>
          </reporter-output>
        </test-method> <!-- closesetup -->
      </class> <!-- testscript.Level1 -->
    </test> <!-- Default test -->
  </suite> <!-- Default suite -->
</testng-results>
