<?xml version="1.0" encoding="UTF-8"?>
<testng-results ignored="0" total="2" passed="2" failed="0" skipped="0">
  <reporter-output>
  </reporter-output>
  <suite started-at="2019-06-19T08:28:24Z" name="Default suite" finished-at="2019-06-19T08:28:37Z" duration-ms="12366">
    <groups>
    </groups>
    <test started-at="2019-06-19T08:28:24Z" name="Default test" finished-at="2019-06-19T08:28:37Z" duration-ms="12366">
      <class name="testscript.TC01_homepagefunction">
        <test-method is-config="true" signature="openbrowser()[pri:0, instance:testscript.TC01_homepagefunction@3b6ddd1d]" started-at="2019-06-19T08:28:24Z" name="openbrowser" finished-at="2019-06-19T08:28:29Z" duration-ms="4716" status="PASS">
          <reporter-output>
          </reporter-output>
        </test-method> <!-- openbrowser -->
        <test-method signature="create_Opportunity()[pri:0, instance:testscript.TC01_homepagefunction@3b6ddd1d]" started-at="2019-06-19T08:28:29Z" name="create_Opportunity" finished-at="2019-06-19T08:28:29Z" duration-ms="9" status="PASS">
          <reporter-output>
          </reporter-output>
        </test-method> <!-- create_Opportunity -->
        <test-method signature="loginwithvalidcredential()[pri:0, instance:testscript.TC01_homepagefunction@3b6ddd1d]" started-at="2019-06-19T08:28:29Z" name="loginwithvalidcredential" finished-at="2019-06-19T08:28:37Z" duration-ms="7614" status="PASS">
          <reporter-output>
          </reporter-output>
        </test-method> <!-- loginwithvalidcredential -->
        <test-method is-config="true" signature="closebrowser()[pri:0, instance:testscript.TC01_homepagefunction@3b6ddd1d]" started-at="2019-06-19T08:28:37Z" name="closebrowser" finished-at="2019-06-19T08:28:37Z" duration-ms="0" status="PASS">
          <reporter-output>
          </reporter-output>
        </test-method> <!-- closebrowser -->
      </class> <!-- testscript.TC01_homepagefunction -->
    </test> <!-- Default test -->
  </suite> <!-- Default suite -->
</testng-results>
